<?xml version="1.0" encoding="UTF-8"?>
<robot generator="Robot 7.4.1 (Python 3.14.0 on win32)" generated="2026-02-21T18:29:02.365200" rpa="false" schemaversion="5">
<suite id="s1" name="SearchProduct" source="C:\Users\LENOVO\PycharmProjects\Ecommerce application automation project\tests\SearchProduct.robot">
<test id="s1-t1" name="Search Product Successfully" line="28">
<kw name="Open Browser" owner="SeleniumLibrary">
<msg time="2026-02-21T18:29:02.675733" level="INFO">Opening browser 'firefox' to base url 'https://automationexercise.com/products'.</msg>
<arg>${Url}</arg>
<arg>firefox</arg>
<doc>Opens a new browser instance to the optional ``url``.</doc>
<status status="PASS" start="2026-02-21T18:29:02.675467" elapsed="11.540337"/>
</kw>
<kw name="Sleep" owner="BuiltIn">
<msg time="2026-02-21T18:29:16.217490" level="INFO">Slept 2 seconds.</msg>
<arg>2s</arg>
<doc>Pauses the test executed for the given time.</doc>
<status status="PASS" start="2026-02-21T18:29:14.216431" elapsed="2.001369"/>
</kw>
<kw name="Sleep" owner="BuiltIn">
<msg time="2026-02-21T18:29:20.219526" level="INFO">Slept 4 seconds.</msg>
<arg>4s</arg>
<doc>Pauses the test executed for the given time.</doc>
<status status="PASS" start="2026-02-21T18:29:16.218643" elapsed="4.001046"/>
</kw>
<kw name="Wait Until Element Is Visible" owner="SeleniumLibrary">
<arg>${PRODUCT_LIST}</arg>
<arg>15s</arg>
<doc>Waits until the element ``locator`` is visible.</doc>
<status status="PASS" start="2026-02-21T18:29:20.220413" elapsed="0.026579"/>
</kw>
<kw name="Scroll Element Into View" owner="SeleniumLibrary">
<arg>${SEARCH_INPUT}</arg>
<doc>Scrolls the element identified by ``locator`` into view.</doc>
<status status="PASS" start="2026-02-21T18:29:20.247407" elapsed="0.270742"/>
</kw>
<kw name="Sleep" owner="BuiltIn">
<msg time="2026-02-21T18:29:23.519756" level="INFO">Slept 3 seconds.</msg>
<arg>3s</arg>
<doc>Pauses the test executed for the given time.</doc>
<status status="PASS" start="2026-02-21T18:29:20.518536" elapsed="3.001569"/>
</kw>
<kw name="Input Text" owner="SeleniumLibrary">
<msg time="2026-02-21T18:29:23.521221" level="INFO">Typing text 'tshirt' into text field 'xpath=//input[@id='search_product']'.</msg>
<arg>${SEARCH_INPUT}</arg>
<arg>${SEARCH_TEXT}</arg>
<doc>Types the given ``text`` into the text field identified by ``locator``.</doc>
<status status="PASS" start="2026-02-21T18:29:23.520747" elapsed="0.043499"/>
</kw>
<kw name="Click Element" owner="SeleniumLibrary">
<msg time="2026-02-21T18:29:23.564870" level="INFO">Clicking element 'xpath=//button[@id='submit_search']'.</msg>
<msg time="2026-02-21T18:29:23.653390" level="INFO" html="true">&lt;/td&gt;&lt;/tr&gt;&lt;tr&gt;&lt;td colspan="3"&gt;&lt;a href="selenium-screenshot-64.png"&gt;&lt;img src="selenium-screenshot-64.png" width="800px"&gt;&lt;/a&gt;</msg>
<msg time="2026-02-21T18:29:23.653651" level="FAIL">ElementClickInterceptedException: Message: Element &lt;button id="submit_search" class="btn btn-default btn-lg" type="button"&gt; is not clickable at point (511,473) because another element &lt;iframe id="aswift_4" name="aswift_4" src="https://googleads.g.doubleclick.net/pagead/html/r20260218/r20190131/zrt_lookup_fy2021.html#RS-1-&amp;adk=1812271801&amp;client=ca-pub-1677597403311019&amp;fa=1&amp;ifi=5&amp;uci=a!5&amp;btvi=2"&gt; obscures it; For documentation on this error, please visit: https://www.selenium.dev/documentation/webdriver/troubleshooting/errors#elementclickinterceptedexception
Stacktrace:
RemoteError@chrome://remote/content/shared/RemoteError.sys.mjs:8:8
WebDriverError@chrome://remote/content/shared/webdriver/Errors.sys.mjs:202:5
ElementClickInterceptedError@chrome://remote/content/shared/webdriver/Errors.sys.mjs:354:5
webdriverClickElement@chrome://remote/content/marionette/interaction.sys.mjs:175:11
interaction.clickElement@chrome://remote/content/marionette/interaction.sys.mjs:134:11
clickElement@chrome://remote/content/marionette/actors/MarionetteCommandsChild.sys.mjs:328:29
receiveMessage@chrome://remote/content/marionette/actors/MarionetteCommandsChild.sys.mjs:210:31
</msg>
<arg>xpath=//button[@id='submit_search']</arg>
<doc>Click the element identified by ``locator``.</doc>
<status status="FAIL" start="2026-02-21T18:29:23.564633" elapsed="0.095323">ElementClickInterceptedException: Message: Element &lt;button id="submit_search" class="btn btn-default btn-lg" type="button"&gt; is not clickable at point (511,473) because another element &lt;iframe id="aswift_4" name="aswift_4" src="https://googleads.g.doubleclick.net/pagead/html/r20260218/r20190131/zrt_lookup_fy2021.html#RS-1-&amp;adk=1812271801&amp;client=ca-pub-1677597403311019&amp;fa=1&amp;ifi=5&amp;uci=a!5&amp;btvi=2"&gt; obscures it; For documentation on this error, please visit: https://www.selenium.dev/documentation/webdriver/troubleshooting/errors#elementclickinterceptedexception
Stacktrace:
RemoteError@chrome://remote/content/shared/RemoteError.sys.mjs:8:8
WebDriverError@chrome://remote/content/shared/webdriver/Errors.sys.mjs:202:5
ElementClickInterceptedError@chrome://remote/content/shared/webdriver/Errors.sys.mjs:354:5
webdriverClickElement@chrome://remote/content/marionette/interaction.sys.mjs:175:11
interaction.clickElement@chrome://remote/content/marionette/interaction.sys.mjs:134:11
clickElement@chrome://remote/content/marionette/actors/MarionetteCommandsChild.sys.mjs:328:29
receiveMessage@chrome://remote/content/marionette/actors/MarionetteCommandsChild.sys.mjs:210:31
</status>
</kw>
<kw name="Scroll Element Into View" owner="SeleniumLibrary">
<arg>${SEARCH_RESULTS}</arg>
<doc>Scrolls the element identified by ``locator`` into view.</doc>
<status status="NOT RUN" start="2026-02-21T18:29:23.660626" elapsed="0.000138"/>
</kw>
<kw name="Wait Until Element Is Visible" owner="SeleniumLibrary">
<arg>${SEARCHED_HEADER}</arg>
<arg>10s</arg>
<doc>Waits until the element ``locator`` is visible.</doc>
<status status="NOT RUN" start="2026-02-21T18:29:23.661443" elapsed="0.000058"/>
</kw>
<kw name="Wait Until Element Is Visible" owner="SeleniumLibrary">
<arg>${SEARCH_RESULTS}</arg>
<arg>10s</arg>
<doc>Waits until the element ``locator`` is visible.</doc>
<status status="NOT RUN" start="2026-02-21T18:29:23.661879" elapsed="0.000052"/>
</kw>
<kw name="Close Browser Session" owner="keywords">
<status status="NOT RUN" start="2026-02-21T18:29:23.662323" elapsed="0.000043"/>
</kw>
<status status="FAIL" start="2026-02-21T18:29:02.673910" elapsed="20.988867">ElementClickInterceptedException: Message: Element &lt;button id="submit_search" class="btn btn-default btn-lg" type="button"&gt; is not clickable at point (511,473) because another element &lt;iframe id="aswift_4" name="aswift_4" src="https://googleads.g.doubleclick.net/pagead/html/r20260218/r20190131/zrt_lookup_fy2021.html#RS-1-&amp;adk=1812271801&amp;client=ca-pub-1677597403311019&amp;fa=1&amp;ifi=5&amp;uci=a!5&amp;btvi=2"&gt; obscures it; For documentation on this error, please visit: https://www.selenium.dev/documentation/webdriver/troubleshooting/errors#elementclickinterceptedexception
Stacktrace:
RemoteError@chrome://remote/content/shared/RemoteError.sys.mjs:8:8
WebDriverError@chrome://remote/content/shared/webdriver/Errors.sys.mjs:202:5
ElementClickInterceptedError@chrome://remote/content/shared/webdriver/Errors.sys.mjs:354:5
webdriverClickElement@chrome://remote/content/marionette/interaction.sys.mjs:175:11
interaction.clickElement@chrome://remote/content/marionette/interaction.sys.mjs:134:11
clickElement@chrome://remote/content/marionette/actors/MarionetteCommandsChild.sys.mjs:328:29
receiveMessage@chrome://remote/content/marionette/actors/MarionetteCommandsChild.sys.mjs:210:31
</status>
</test>
<status status="FAIL" start="2026-02-21T18:29:02.366650" elapsed="21.296996"/>
</suite>
<statistics>
<total>
<stat pass="0" fail="1" skip="0">All Tests</stat>
</total>
<tag>
</tag>
<suite>
<stat name="SearchProduct" id="s1" pass="0" fail="1" skip="0">SearchProduct</stat>
</suite>
</statistics>
<errors>
</errors>
</robot>
